{
  "/home/xiaofan/dev/nidalee/src/hooks.ts": {
    "path": "/home/xiaofan/dev/nidalee/src/hooks.ts",
    "statementMap": {
      "0": {
        "start": {"line": 4, "column": 23},
        "end": {"line": 4, "column": 41}
      },
      "1": {
        "start": {"line": 5, "column": 22},
        "end": {"line": 7, "column": 8}
      },
      "2": {
        "start": {"line": 6, "column": 4},
        "end": {"line": 6, "column": 17}
      },
      "3": {
        "start": {"line": 9, "column": 2},
        "end": {"line": 9, "column": 21}
      },
      "4": {
        "start": {"line": 13, "column": 14},
        "end": {"line": 13, "column": 33}
      },
      "5": {
        "start": {"line": 15, "column": 2},
        "end": {"line": 21, "column": 9}
      },
      "6": {
        "start": {"line": 16, "column": 4},
        "end": {"line": 16, "column": 23}
      },
      "7": {
        "start": {"line": 18, "column": 4},
        "end": {"line": 20, "column": 6}
      },
      "8": {
        "start": {"line": 19, "column": 6},
        "end": {"line": 19, "column": 26}
      },
      "9": {
        "start": {"line": 23, "column": 2},
        "end": {"line": 23, "column": 13}
      },
      "10": {
        "start": {"line": 33, "column": 20},
        "end": {"line": 33, "column": 41}
      },
      "11": {
        "start": {"line": 35, "column": 2},
        "end": {"line": 45, "column": 13}
      },
      "12": {
        "start": {"line": 36, "column": 4},
        "end": {"line": 44, "column": 7}
      },
      "13": {
        "start": {"line": 37, "column": 6},
        "end": {"line": 37, "column": 23}
      },
      "14": {
        "start": {"line": 37, "column": 16},
        "end": {"line": 37, "column": 23}
      },
      "15": {
        "start": {"line": 39, "column": 6},
        "end": {"line": 43, "column": 7}
      },
      "16": {
        "start": {"line": 40, "column": 8},
        "end": {"line": 40, "column": 31}
      },
      "17": {
        "start": {"line": 42, "column": 8},
        "end": {"line": 42, "column": 40}
      },
      "18": {
        "start": {"line": 47, "column": 2},
        "end": {"line": 47, "column": 19}
      },
      "19": {
        "start": {"line": 51, "column": 2},
        "end": {"line": 102, "column": 21}
      },
      "20": {
        "start": {"line": 52, "column": 4},
        "end": {"line": 52, "column": 38}
      },
      "21": {
        "start": {"line": 52, "column": 31},
        "end": {"line": 52, "column": 38}
      },
      "22": {
        "start": {"line": 54, "column": 30},
        "end": {"line": 66, "column": 15}
      },
      "23": {
        "start": {"line": 68, "column": 23},
        "end": {"line": 68, "column": 79}
      },
      "24": {
        "start": {"line": 71, "column": 18},
        "end": {"line": 75, "column": 20}
      },
      "25": {
        "start": {"line": 76, "column": 17},
        "end": {"line": 76, "column": 65}
      },
      "26": {
        "start": {"line": 78, "column": 22},
        "end": {"line": 93, "column": 5}
      },
      "27": {
        "start": {"line": 79, "column": 6},
        "end": {"line": 79, "column": 38}
      },
      "28": {
        "start": {"line": 79, "column": 31},
        "end": {"line": 79, "column": 38}
      },
      "29": {
        "start": {"line": 81, "column": 6},
        "end": {"line": 92, "column": 7}
      },
      "30": {
        "start": {"line": 83, "column": 8},
        "end": {"line": 86, "column": 9}
      },
      "31": {
        "start": {"line": 84, "column": 10},
        "end": {"line": 84, "column": 23}
      },
      "32": {
        "start": {"line": 85, "column": 10},
        "end": {"line": 85, "column": 33}
      },
      "33": {
        "start": {"line": 88, "column": 8},
        "end": {"line": 91, "column": 9}
      },
      "34": {
        "start": {"line": 89, "column": 10},
        "end": {"line": 89, "column": 24}
      },
      "35": {
        "start": {"line": 90, "column": 10},
        "end": {"line": 90, "column": 33}
      },
      "36": {
        "start": {"line": 96, "column": 17},
        "end": {"line": 96, "column": 37}
      },
      "37": {
        "start": {"line": 97, "column": 4},
        "end": {"line": 97, "column": 50}
      },
      "38": {
        "start": {"line": 99, "column": 4},
        "end": {"line": 101, "column": 6}
      },
      "39": {
        "start": {"line": 100, "column": 6},
        "end": {"line": 100, "column": 55}
      },
      "40": {
        "start": {"line": 106, "column": 2},
        "end": {"line": 112, "column": 9}
      },
      "41": {
        "start": {"line": 107, "column": 17},
        "end": {"line": 107, "column": 54}
      },
      "42": {
        "start": {"line": 109, "column": 4},
        "end": {"line": 111, "column": 6}
      },
      "43": {
        "start": {"line": 110, "column": 6},
        "end": {"line": 110, "column": 21}
      }
    },
    "fnMap": {
      "0": {
        "name": "useForceRender",
        "decl": {
          "start": {"line": 3, "column": 16},
          "end": {"line": 3, "column": 30}
        },
        "loc": {
          "start": {"line": 3, "column": 33},
          "end": {"line": 10, "column": 1}
        },
        "line": 3
      },
      "1": {
        "name": "(anonymous_1)",
        "decl": {
          "start": {"line": 5, "column": 40},
          "end": {"line": 5, "column": 41}
        },
        "loc": {
          "start": {"line": 5, "column": 46},
          "end": {"line": 7, "column": 3}
        },
        "line": 5
      },
      "2": {
        "name": "useIsMounted",
        "decl": {
          "start": {"line": 12, "column": 16},
          "end": {"line": 12, "column": 28}
        },
        "loc": {
          "start": {"line": 12, "column": 31},
          "end": {"line": 24, "column": 1}
        },
        "line": 12
      },
      "3": {
        "name": "(anonymous_3)",
        "decl": {
          "start": {"line": 15, "column": 18},
          "end": {"line": 15, "column": 19}
        },
        "loc": {
          "start": {"line": 15, "column": 24},
          "end": {"line": 21, "column": 3}
        },
        "line": 15
      },
      "4": {
        "name": "(anonymous_4)",
        "decl": {
          "start": {"line": 18, "column": 11},
          "end": {"line": 18, "column": 12}
        },
        "loc": {
          "start": {"line": 18, "column": 17},
          "end": {"line": 20, "column": 5}
        },
        "line": 18
      },
      "5": {
        "name": "useCombinedRef",
        "decl": {
          "start": {"line": 26, "column": 16},
          "end": {"line": 26, "column": 30}
        },
        "loc": {
          "start": {"line": 32, "column": 2},
          "end": {"line": 48, "column": 1}
        },
        "line": 32
      },
      "6": {
        "name": "(anonymous_6)",
        "decl": {
          "start": {"line": 35, "column": 18},
          "end": {"line": 35, "column": 19}
        },
        "loc": {
          "start": {"line": 35, "column": 24},
          "end": {"line": 45, "column": 3}
        },
        "line": 35
      },
      "7": {
        "name": "(anonymous_7)",
        "decl": {
          "start": {"line": 36, "column": 17},
          "end": {"line": 36, "column": 18}
        },
        "loc": {
          "start": {"line": 36, "column": 26},
          "end": {"line": 44, "column": 5}
        },
        "line": 36
      },
      "8": {
        "name": "useTrapFocus",
        "decl": {
          "start": {"line": 50, "column": 16},
          "end": {"line": 50, "column": 28}
        },
        "loc": {
          "start": {"line": 50, "column": 73},
          "end": {"line": 103, "column": 1}
        },
        "line": 50
      },
      "9": {
        "name": "(anonymous_9)",
        "decl": {
          "start": {"line": 51, "column": 24},
          "end": {"line": 51, "column": 25}
        },
        "loc": {
          "start": {"line": 51, "column": 30},
          "end": {"line": 102, "column": 3}
        },
        "line": 51
      },
      "10": {
        "name": "(anonymous_10)",
        "decl": {
          "start": {"line": 78, "column": 22},
          "end": {"line": 78, "column": 23}
        },
        "loc": {
          "start": {"line": 78, "column": 48},
          "end": {"line": 93, "column": 5}
        },
        "line": 78
      },
      "11": {
        "name": "(anonymous_11)",
        "decl": {
          "start": {"line": 99, "column": 11},
          "end": {"line": 99, "column": 12}
        },
        "loc": {
          "start": {"line": 99, "column": 17},
          "end": {"line": 101, "column": 5}
        },
        "line": 99
      },
      "12": {
        "name": "useRestoreFocus",
        "decl": {
          "start": {"line": 105, "column": 16},
          "end": {"line": 105, "column": 31}
        },
        "loc": {
          "start": {"line": 105, "column": 34},
          "end": {"line": 113, "column": 1}
        },
        "line": 105
      },
      "13": {
        "name": "(anonymous_13)",
        "decl": {
          "start": {"line": 106, "column": 24},
          "end": {"line": 106, "column": 25}
        },
        "loc": {
          "start": {"line": 106, "column": 30},
          "end": {"line": 112, "column": 3}
        },
        "line": 106
      },
      "14": {
        "name": "(anonymous_14)",
        "decl": {
          "start": {"line": 109, "column": 11},
          "end": {"line": 109, "column": 12}
        },
        "loc": {
          "start": {"line": 109, "column": 17},
          "end": {"line": 111, "column": 5}
        },
        "line": 109
      }
    },
    "branchMap": {
      "0": {
        "loc": {
          "start": {"line": 37, "column": 6},
          "end": {"line": 37, "column": 23}
        },
        "type": "if",
        "locations": [
          {
            "start": {"line": 37, "column": 6},
            "end": {"line": 37, "column": 23}
          },
          {
            "start": {"line": 37, "column": 6},
            "end": {"line": 37, "column": 23}
          }
        ],
        "line": 37
      },
      "1": {
        "loc": {
          "start": {"line": 39, "column": 6},
          "end": {"line": 43, "column": 7}
        },
        "type": "if",
        "locations": [
          {
            "start": {"line": 39, "column": 6},
            "end": {"line": 43, "column": 7}
          },
          {"start": {"line": 39, "column": 6}, "end": {"line": 43, "column": 7}}
        ],
        "line": 39
      },
      "2": {
        "loc": {
          "start": {"line": 52, "column": 4},
          "end": {"line": 52, "column": 38}
        },
        "type": "if",
        "locations": [
          {
            "start": {"line": 52, "column": 4},
            "end": {"line": 52, "column": 38}
          },
          {
            "start": {"line": 52, "column": 4},
            "end": {"line": 52, "column": 38}
          }
        ],
        "line": 52
      },
      "3": {
        "loc": {
          "start": {"line": 72, "column": 6},
          "end": {"line": 74, "column": 32}
        },
        "type": "cond-expr",
        "locations": [
          {
            "start": {"line": 73, "column": 10},
            "end": {"line": 73, "column": 23}
          },
          {
            "start": {"line": 74, "column": 10},
            "end": {"line": 74, "column": 32}
          }
        ],
        "line": 72
      },
      "4": {
        "loc": {
          "start": {"line": 79, "column": 6},
          "end": {"line": 79, "column": 38}
        },
        "type": "if",
        "locations": [
          {
            "start": {"line": 79, "column": 6},
            "end": {"line": 79, "column": 38}
          },
          {
            "start": {"line": 79, "column": 6},
            "end": {"line": 79, "column": 38}
          }
        ],
        "line": 79
      },
      "5": {
        "loc": {
          "start": {"line": 81, "column": 6},
          "end": {"line": 92, "column": 7}
        },
        "type": "if",
        "locations": [
          {
            "start": {"line": 81, "column": 6},
            "end": {"line": 92, "column": 7}
          },
          {"start": {"line": 81, "column": 6}, "end": {"line": 92, "column": 7}}
        ],
        "line": 81
      },
      "6": {
        "loc": {
          "start": {"line": 83, "column": 8},
          "end": {"line": 86, "column": 9}
        },
        "type": "if",
        "locations": [
          {
            "start": {"line": 83, "column": 8},
            "end": {"line": 86, "column": 9}
          },
          {"start": {"line": 83, "column": 8}, "end": {"line": 86, "column": 9}}
        ],
        "line": 83
      },
      "7": {
        "loc": {
          "start": {"line": 88, "column": 8},
          "end": {"line": 91, "column": 9}
        },
        "type": "if",
        "locations": [
          {
            "start": {"line": 88, "column": 8},
            "end": {"line": 91, "column": 9}
          },
          {"start": {"line": 88, "column": 8}, "end": {"line": 91, "column": 9}}
        ],
        "line": 88
      }
    },
    "s": {
      "0": 0,
      "1": 0,
      "2": 0,
      "3": 0,
      "4": 0,
      "5": 0,
      "6": 0,
      "7": 0,
      "8": 0,
      "9": 0,
      "10": 0,
      "11": 0,
      "12": 0,
      "13": 0,
      "14": 0,
      "15": 0,
      "16": 0,
      "17": 0,
      "18": 0,
      "19": 0,
      "20": 0,
      "21": 0,
      "22": 0,
      "23": 0,
      "24": 0,
      "25": 0,
      "26": 0,
      "27": 0,
      "28": 0,
      "29": 0,
      "30": 0,
      "31": 0,
      "32": 0,
      "33": 0,
      "34": 0,
      "35": 0,
      "36": 0,
      "37": 0,
      "38": 0,
      "39": 0,
      "40": 0,
      "41": 0,
      "42": 0,
      "43": 0
    },
    "f": {
      "0": 0,
      "1": 0,
      "2": 0,
      "3": 0,
      "4": 0,
      "5": 0,
      "6": 0,
      "7": 0,
      "8": 0,
      "9": 0,
      "10": 0,
      "11": 0,
      "12": 0,
      "13": 0,
      "14": 0
    },
    "b": {
      "0": [0, 0],
      "1": [0, 0],
      "2": [0, 0],
      "3": [0, 0],
      "4": [0, 0],
      "5": [0, 0],
      "6": [0, 0],
      "7": [0, 0]
    }
  },
  "/home/xiaofan/dev/nidalee/src/index.ts": {
    "path": "/home/xiaofan/dev/nidalee/src/index.ts",
    "statementMap": {},
    "fnMap": {},
    "branchMap": {},
    "s": {},
    "f": {},
    "b": {}
  },
  "/home/xiaofan/dev/nidalee/src/utils.ts": {
    "path": "/home/xiaofan/dev/nidalee/src/utils.ts",
    "statementMap": {
      "0": {"start": {"line": 2, "column": 2}, "end": {"line": 4, "column": 3}},
      "1": {
        "start": {"line": 3, "column": 4},
        "end": {"line": 3, "column": 41}
      },
      "2": {"start": {"line": 8, "column": 2}, "end": {"line": 8, "column": 41}}
    },
    "fnMap": {
      "0": {
        "name": "warn",
        "decl": {
          "start": {"line": 1, "column": 16},
          "end": {"line": 1, "column": 20}
        },
        "loc": {
          "start": {"line": 1, "column": 76},
          "end": {"line": 5, "column": 1}
        },
        "line": 1
      },
      "1": {
        "name": "cx",
        "decl": {
          "start": {"line": 7, "column": 16},
          "end": {"line": 7, "column": 18}
        },
        "loc": {
          "start": {"line": 7, "column": 70},
          "end": {"line": 9, "column": 1}
        },
        "line": 7
      }
    },
    "branchMap": {
      "0": {
        "loc": {
          "start": {"line": 2, "column": 2},
          "end": {"line": 4, "column": 3}
        },
        "type": "if",
        "locations": [
          {"start": {"line": 2, "column": 2}, "end": {"line": 4, "column": 3}},
          {"start": {"line": 2, "column": 2}, "end": {"line": 4, "column": 3}}
        ],
        "line": 2
      }
    },
    "s": {"0": 0, "1": 0, "2": 45},
    "f": {"0": 0, "1": 45},
    "b": {"0": [0, 0]},
    "_coverageSchema": "1a1c01bbd47fc00a2c39e90264f33305004495a9",
    "hash": "448e9f8cc5610fdab6bb4d2a7243d5cf7c5d38be"
  },
  "/home/xiaofan/dev/nidalee/src/Anchor/Anchor.tsx": {
    "path": "/home/xiaofan/dev/nidalee/src/Anchor/Anchor.tsx",
    "statementMap": {
      "0": {
        "start": {"line": 10, "column": 22},
        "end": {"line": 25, "column": 1}
      },
      "1": {
        "start": {"line": 11, "column": 49},
        "end": {"line": 11, "column": 54}
      },
      "2": {
        "start": {"line": 13, "column": 19},
        "end": {"line": 13, "column": 74}
      },
      "3": {
        "start": {"line": 15, "column": 2},
        "end": {"line": 24, "column": 4}
      }
    },
    "fnMap": {
      "0": {
        "name": "(anonymous_0)",
        "decl": {
          "start": {"line": 10, "column": 22},
          "end": {"line": 10, "column": 23}
        },
        "loc": {
          "start": {"line": 10, "column": 46},
          "end": {"line": 25, "column": 1}
        },
        "line": 10
      }
    },
    "branchMap": {
      "0": {
        "loc": {
          "start": {"line": 13, "column": 19},
          "end": {"line": 13, "column": 74}
        },
        "type": "cond-expr",
        "locations": [
          {
            "start": {"line": 13, "column": 41},
            "end": {"line": 13, "column": 69}
          },
          {
            "start": {"line": 13, "column": 72},
            "end": {"line": 13, "column": 74}
          }
        ],
        "line": 13
      }
    },
    "s": {"0": 1, "1": 4, "2": 4, "3": 4},
    "f": {"0": 4},
    "b": {"0": [1, 3]},
    "_coverageSchema": "1a1c01bbd47fc00a2c39e90264f33305004495a9",
    "hash": "8b6fa87c8fab0174b65d698e6e8379962b481d09"
  },
  "/home/xiaofan/dev/nidalee/src/Anchor/index.ts": {
    "path": "/home/xiaofan/dev/nidalee/src/Anchor/index.ts",
    "statementMap": {},
    "fnMap": {},
    "branchMap": {},
    "s": {},
    "f": {},
    "b": {}
  },
  "/home/xiaofan/dev/nidalee/src/Box/Box.tsx": {
    "path": "/home/xiaofan/dev/nidalee/src/Box/Box.tsx",
    "statementMap": {
      "0": {
        "start": {"line": 12, "column": 19},
        "end": {"line": 24, "column": 2}
      },
      "1": {
        "start": {"line": 16, "column": 50},
        "end": {"line": 16, "column": 55}
      },
      "2": {
        "start": {"line": 17, "column": 2},
        "end": {"line": 23, "column": 4}
      }
    },
    "fnMap": {
      "0": {
        "name": "Box",
        "decl": {
          "start": {"line": 12, "column": 71},
          "end": {"line": 12, "column": 74}
        },
        "loc": {
          "start": {"line": 15, "column": 2},
          "end": {"line": 24, "column": 1}
        },
        "line": 15
      }
    },
    "branchMap": {
      "0": {
        "loc": {
          "start": {"line": 16, "column": 9},
          "end": {"line": 16, "column": 26}
        },
        "type": "default-arg",
        "locations": [
          {
            "start": {"line": 16, "column": 17},
            "end": {"line": 16, "column": 26}
          }
        ],
        "line": 16
      }
    },
    "s": {"0": 1, "1": 6, "2": 6},
    "f": {"0": 6},
    "b": {"0": [4]},
    "_coverageSchema": "1a1c01bbd47fc00a2c39e90264f33305004495a9",
    "hash": "5aa0fe97481fbc94be8012add41d349f04a8649d"
  },
  "/home/xiaofan/dev/nidalee/src/Box/index.ts": {
    "path": "/home/xiaofan/dev/nidalee/src/Box/index.ts",
    "statementMap": {},
    "fnMap": {},
    "branchMap": {},
    "s": {},
    "f": {},
    "b": {}
  },
  "/home/xiaofan/dev/nidalee/src/Button/Button.tsx": {
    "path": "/home/xiaofan/dev/nidalee/src/Button/Button.tsx",
    "statementMap": {
      "0": {
        "start": {"line": 15, "column": 22},
        "end": {"line": 33, "column": 1}
      },
      "1": {
        "start": {"line": 21, "column": 2},
        "end": {"line": 32, "column": 4}
      }
    },
    "fnMap": {
      "0": {
        "name": "(anonymous_0)",
        "decl": {
          "start": {"line": 15, "column": 22},
          "end": {"line": 15, "column": 23}
        },
        "loc": {
          "start": {"line": 20, "column": 19},
          "end": {"line": 33, "column": 1}
        },
        "line": 20
      }
    },
    "branchMap": {
      "0": {
        "loc": {
          "start": {"line": 17, "column": 2},
          "end": {"line": 17, "column": 17}
        },
        "type": "default-arg",
        "locations": [
          {
            "start": {"line": 17, "column": 9},
            "end": {"line": 17, "column": 17}
          }
        ],
        "line": 17
      },
      "1": {
        "loc": {
          "start": {"line": 28, "column": 8},
          "end": {"line": 28, "column": 30}
        },
        "type": "binary-expr",
        "locations": [
          {
            "start": {"line": 28, "column": 8},
            "end": {"line": 28, "column": 16}
          },
          {
            "start": {"line": 28, "column": 20},
            "end": {"line": 28, "column": 30}
          }
        ],
        "line": 28
      }
    },
    "s": {"0": 2, "1": 21},
    "f": {"0": 21},
    "b": {"0": [6], "1": [21, 1]},
    "_coverageSchema": "1a1c01bbd47fc00a2c39e90264f33305004495a9",
    "hash": "08877b0158e106209c41a3042b703eea5689cc4d"
  },
  "/home/xiaofan/dev/nidalee/src/Button/index.ts": {
    "path": "/home/xiaofan/dev/nidalee/src/Button/index.ts",
    "statementMap": {},
    "fnMap": {},
    "branchMap": {},
    "s": {},
    "f": {},
    "b": {},
    "_coverageSchema": "1a1c01bbd47fc00a2c39e90264f33305004495a9",
    "hash": "9a9435c8a27fb75e3bfd71ad514355a56f285238"
  },
  "/home/xiaofan/dev/nidalee/src/Checkbox/Checkbox.tsx": {
    "path": "/home/xiaofan/dev/nidalee/src/Checkbox/Checkbox.tsx",
    "statementMap": {
      "0": {
        "start": {"line": 31, "column": 4},
        "end": {"line": 34, "column": 1}
      },
      "1": {
        "start": {"line": 38, "column": 4},
        "end": {"line": 42, "column": 1}
      },
      "2": {
        "start": {"line": 46, "column": 4},
        "end": {"line": 50, "column": 1}
      },
      "3": {
        "start": {"line": 53, "column": 24},
        "end": {"line": 108, "column": 1}
      },
      "4": {
        "start": {"line": 63, "column": 6},
        "end": {"line": 63, "column": 11}
      },
      "5": {
        "start": {"line": 65, "column": 2},
        "end": {"line": 67, "column": 3}
      },
      "6": {
        "start": {"line": 66, "column": 4},
        "end": {"line": 66, "column": 71}
      },
      "7": {
        "start": {"line": 69, "column": 22},
        "end": {"line": 76, "column": 3}
      },
      "8": {
        "start": {"line": 71, "column": 4},
        "end": {"line": 75, "column": 5}
      },
      "9": {
        "start": {"line": 72, "column": 6},
        "end": {"line": 72, "column": 54}
      },
      "10": {
        "start": {"line": 74, "column": 6},
        "end": {"line": 74, "column": 49}
      },
      "11": {
        "start": {"line": 78, "column": 2},
        "end": {"line": 107, "column": 4}
      },
      "12": {
        "start": {"line": 87, "column": 8},
        "end": {"line": 89, "column": 9}
      },
      "13": {
        "start": {"line": 88, "column": 10},
        "end": {"line": 88, "column": 25}
      },
      "14": {
        "start": {"line": 90, "column": 8},
        "end": {"line": 90, "column": 22}
      },
      "15": {
        "start": {"line": 93, "column": 8},
        "end": {"line": 95, "column": 9}
      },
      "16": {
        "start": {"line": 94, "column": 10},
        "end": {"line": 94, "column": 27}
      },
      "17": {
        "start": {"line": 96, "column": 8},
        "end": {"line": 98, "column": 9}
      },
      "18": {
        "start": {"line": 97, "column": 10},
        "end": {"line": 97, "column": 24}
      }
    },
    "fnMap": {
      "0": {
        "name": "(anonymous_0)",
        "decl": {
          "start": {"line": 53, "column": 24},
          "end": {"line": 53, "column": 25}
        },
        "loc": {
          "start": {"line": 53, "column": 50},
          "end": {"line": 108, "column": 1}
        },
        "line": 53
      },
      "1": {
        "name": "(anonymous_1)",
        "decl": {
          "start": {"line": 69, "column": 22},
          "end": {"line": 69, "column": 23}
        },
        "loc": {
          "start": {"line": 69, "column": 28},
          "end": {"line": 76, "column": 3}
        },
        "line": 69
      },
      "2": {
        "name": "(anonymous_2)",
        "decl": {
          "start": {"line": 86, "column": 15},
          "end": {"line": 86, "column": 16}
        },
        "loc": {
          "start": {"line": 86, "column": 26},
          "end": {"line": 91, "column": 7}
        },
        "line": 86
      },
      "3": {
        "name": "(anonymous_3)",
        "decl": {
          "start": {"line": 92, "column": 17},
          "end": {"line": 92, "column": 18}
        },
        "loc": {
          "start": {"line": 92, "column": 28},
          "end": {"line": 99, "column": 7}
        },
        "line": 92
      }
    },
    "branchMap": {
      "0": {
        "loc": {
          "start": {"line": 65, "column": 2},
          "end": {"line": 67, "column": 3}
        },
        "type": "if",
        "locations": [
          {
            "start": {"line": 65, "column": 2},
            "end": {"line": 67, "column": 3}
          },
          {"start": {"line": 65, "column": 2}, "end": {"line": 67, "column": 3}}
        ],
        "line": 65
      },
      "1": {
        "loc": {
          "start": {"line": 71, "column": 4},
          "end": {"line": 75, "column": 5}
        },
        "type": "if",
        "locations": [
          {
            "start": {"line": 71, "column": 4},
            "end": {"line": 75, "column": 5}
          },
          {"start": {"line": 71, "column": 4}, "end": {"line": 75, "column": 5}}
        ],
        "line": 71
      },
      "2": {
        "loc": {
          "start": {"line": 85, "column": 16},
          "end": {"line": 85, "column": 33}
        },
        "type": "cond-expr",
        "locations": [
          {
            "start": {"line": 85, "column": 27},
            "end": {"line": 85, "column": 29}
          },
          {
            "start": {"line": 85, "column": 32},
            "end": {"line": 85, "column": 33}
          }
        ],
        "line": 85
      },
      "3": {
        "loc": {
          "start": {"line": 87, "column": 8},
          "end": {"line": 89, "column": 9}
        },
        "type": "if",
        "locations": [
          {
            "start": {"line": 87, "column": 8},
            "end": {"line": 89, "column": 9}
          },
          {"start": {"line": 87, "column": 8}, "end": {"line": 89, "column": 9}}
        ],
        "line": 87
      },
      "4": {
        "loc": {
          "start": {"line": 93, "column": 8},
          "end": {"line": 95, "column": 9}
        },
        "type": "if",
        "locations": [
          {
            "start": {"line": 93, "column": 8},
            "end": {"line": 95, "column": 9}
          },
          {"start": {"line": 93, "column": 8}, "end": {"line": 95, "column": 9}}
        ],
        "line": 93
      },
      "5": {
        "loc": {
          "start": {"line": 96, "column": 8},
          "end": {"line": 98, "column": 9}
        },
        "type": "if",
        "locations": [
          {
            "start": {"line": 96, "column": 8},
            "end": {"line": 98, "column": 9}
          },
          {"start": {"line": 96, "column": 8}, "end": {"line": 98, "column": 9}}
        ],
        "line": 96
      },
      "6": {
        "loc": {
          "start": {"line": 96, "column": 12},
          "end": {"line": 96, "column": 54}
        },
        "type": "binary-expr",
        "locations": [
          {
            "start": {"line": 96, "column": 12},
            "end": {"line": 96, "column": 29}
          },
          {
            "start": {"line": 96, "column": 33},
            "end": {"line": 96, "column": 54}
          }
        ],
        "line": 96
      },
      "7": {
        "loc": {
          "start": {"line": 102, "column": 9},
          "end": {"line": 102, "column": 57}
        },
        "type": "cond-expr",
        "locations": [
          {
            "start": {"line": 102, "column": 31},
            "end": {"line": 102, "column": 50}
          },
          {
            "start": {"line": 102, "column": 53},
            "end": {"line": 102, "column": 57}
          }
        ],
        "line": 102
      },
      "8": {
        "loc": {
          "start": {"line": 103, "column": 9},
          "end": {"line": 103, "column": 57}
        },
        "type": "cond-expr",
        "locations": [
          {
            "start": {"line": 103, "column": 31},
            "end": {"line": 103, "column": 50}
          },
          {
            "start": {"line": 103, "column": 53},
            "end": {"line": 103, "column": 57}
          }
        ],
        "line": 103
      },
      "9": {
        "loc": {
          "start": {"line": 105, "column": 7},
          "end": {"line": 105, "column": 63}
        },
        "type": "cond-expr",
        "locations": [
          {
            "start": {"line": 105, "column": 35},
            "end": {"line": 105, "column": 55}
          },
          {
            "start": {"line": 105, "column": 58},
            "end": {"line": 105, "column": 63}
          }
        ],
        "line": 105
      }
    },
    "s": {
      "0": 0,
      "1": 0,
      "2": 0,
      "3": 0,
      "4": 0,
      "5": 0,
      "6": 0,
      "7": 0,
      "8": 0,
      "9": 0,
      "10": 0,
      "11": 0,
      "12": 0,
      "13": 0,
      "14": 0,
      "15": 0,
      "16": 0,
      "17": 0,
      "18": 0
    },
    "f": {"0": 0, "1": 0, "2": 0, "3": 0},
    "b": {
      "0": [0, 0],
      "1": [0, 0],
      "2": [0, 0],
      "3": [0, 0],
      "4": [0, 0],
      "5": [0, 0],
      "6": [0, 0],
      "7": [0, 0],
      "8": [0, 0],
      "9": [0, 0]
    }
  },
  "/home/xiaofan/dev/nidalee/src/Checkbox/index.ts": {
    "path": "/home/xiaofan/dev/nidalee/src/Checkbox/index.ts",
    "statementMap": {},
    "fnMap": {},
    "branchMap": {},
    "s": {},
    "f": {},
    "b": {}
  },
  "/home/xiaofan/dev/nidalee/src/Dialog/Dialog.tsx": {
    "path": "/home/xiaofan/dev/nidalee/src/Dialog/Dialog.tsx",
    "statementMap": {
      "0": {
        "start": {"line": 11, "column": 22},
        "end": {"line": 22, "column": 1}
      },
      "1": {
        "start": {"line": 12, "column": 63},
        "end": {"line": 12, "column": 68}
      },
      "2": {
        "start": {"line": 14, "column": 2},
        "end": {"line": 21, "column": 4}
      }
    },
    "fnMap": {
      "0": {
        "name": "(anonymous_0)",
        "decl": {
          "start": {"line": 11, "column": 22},
          "end": {"line": 11, "column": 23}
        },
        "loc": {
          "start": {"line": 11, "column": 46},
          "end": {"line": 22, "column": 1}
        },
        "line": 11
      }
    },
    "branchMap": {
      "0": {
        "loc": {
          "start": {"line": 12, "column": 20},
          "end": {"line": 12, "column": 50}
        },
        "type": "default-arg",
        "locations": [
          {
            "start": {"line": 12, "column": 45},
            "end": {"line": 12, "column": 50}
          }
        ],
        "line": 12
      }
    },
    "s": {"0": 0, "1": 0, "2": 0},
    "f": {"0": 0},
    "b": {"0": [0]}
  },
  "/home/xiaofan/dev/nidalee/src/Dialog/DialogBackdrop.tsx": {
    "path": "/home/xiaofan/dev/nidalee/src/Dialog/DialogBackdrop.tsx",
    "statementMap": {
      "0": {
        "start": {"line": 16, "column": 30},
        "end": {"line": 63, "column": 1}
      },
      "1": {
        "start": {"line": 24, "column": 6},
        "end": {"line": 24, "column": 11}
      },
      "2": {
        "start": {"line": 26, "column": 16},
        "end": {"line": 26, "column": 45}
      },
      "3": {
        "start": {"line": 28, "column": 2},
        "end": {"line": 34, "column": 3}
      },
      "4": {
        "start": {"line": 29, "column": 4},
        "end": {"line": 33, "column": 6}
      },
      "5": {
        "start": {"line": 36, "column": 2},
        "end": {"line": 62, "column": 4}
      },
      "6": {
        "start": {"line": 43, "column": 10},
        "end": {"line": 45, "column": 11}
      },
      "7": {
        "start": {"line": 44, "column": 12},
        "end": {"line": 44, "column": 27}
      },
      "8": {
        "start": {"line": 46, "column": 10},
        "end": {"line": 48, "column": 11}
      },
      "9": {
        "start": {"line": 47, "column": 12},
        "end": {"line": 47, "column": 24}
      },
      "10": {
        "start": {"line": 51, "column": 10},
        "end": {"line": 53, "column": 11}
      },
      "11": {
        "start": {"line": 52, "column": 12},
        "end": {"line": 52, "column": 29}
      },
      "12": {
        "start": {"line": 54, "column": 10},
        "end": {"line": 56, "column": 11}
      },
      "13": {
        "start": {"line": 55, "column": 12},
        "end": {"line": 55, "column": 24}
      }
    },
    "fnMap": {
      "0": {
        "name": "(anonymous_0)",
        "decl": {
          "start": {"line": 16, "column": 30},
          "end": {"line": 16, "column": 31}
        },
        "loc": {
          "start": {"line": 16, "column": 62},
          "end": {"line": 63, "column": 1}
        },
        "line": 16
      },
      "1": {
        "name": "(anonymous_1)",
        "decl": {
          "start": {"line": 42, "column": 17},
          "end": {"line": 42, "column": 18}
        },
        "loc": {
          "start": {"line": 42, "column": 28},
          "end": {"line": 49, "column": 9}
        },
        "line": 42
      },
      "2": {
        "name": "(anonymous_2)",
        "decl": {
          "start": {"line": 50, "column": 19},
          "end": {"line": 50, "column": 20}
        },
        "loc": {
          "start": {"line": 50, "column": 30},
          "end": {"line": 57, "column": 9}
        },
        "line": 50
      }
    },
    "branchMap": {
      "0": {
        "loc": {
          "start": {"line": 20, "column": 4},
          "end": {"line": 20, "column": 34}
        },
        "type": "default-arg",
        "locations": [
          {
            "start": {"line": 20, "column": 29},
            "end": {"line": 20, "column": 34}
          }
        ],
        "line": 20
      },
      "1": {
        "loc": {
          "start": {"line": 28, "column": 2},
          "end": {"line": 34, "column": 3}
        },
        "type": "if",
        "locations": [
          {
            "start": {"line": 28, "column": 2},
            "end": {"line": 34, "column": 3}
          },
          {"start": {"line": 28, "column": 2}, "end": {"line": 34, "column": 3}}
        ],
        "line": 28
      },
      "2": {
        "loc": {
          "start": {"line": 43, "column": 10},
          "end": {"line": 45, "column": 11}
        },
        "type": "if",
        "locations": [
          {
            "start": {"line": 43, "column": 10},
            "end": {"line": 45, "column": 11}
          },
          {
            "start": {"line": 43, "column": 10},
            "end": {"line": 45, "column": 11}
          }
        ],
        "line": 43
      },
      "3": {
        "loc": {
          "start": {"line": 46, "column": 10},
          "end": {"line": 48, "column": 11}
        },
        "type": "if",
        "locations": [
          {
            "start": {"line": 46, "column": 10},
            "end": {"line": 48, "column": 11}
          },
          {
            "start": {"line": 46, "column": 10},
            "end": {"line": 48, "column": 11}
          }
        ],
        "line": 46
      },
      "4": {
        "loc": {
          "start": {"line": 46, "column": 14},
          "end": {"line": 46, "column": 50}
        },
        "type": "binary-expr",
        "locations": [
          {
            "start": {"line": 46, "column": 14},
            "end": {"line": 46, "column": 37}
          },
          {
            "start": {"line": 46, "column": 41},
            "end": {"line": 46, "column": 50}
          }
        ],
        "line": 46
      },
      "5": {
        "loc": {
          "start": {"line": 51, "column": 10},
          "end": {"line": 53, "column": 11}
        },
        "type": "if",
        "locations": [
          {
            "start": {"line": 51, "column": 10},
            "end": {"line": 53, "column": 11}
          },
          {
            "start": {"line": 51, "column": 10},
            "end": {"line": 53, "column": 11}
          }
        ],
        "line": 51
      },
      "6": {
        "loc": {
          "start": {"line": 54, "column": 10},
          "end": {"line": 56, "column": 11}
        },
        "type": "if",
        "locations": [
          {
            "start": {"line": 54, "column": 10},
            "end": {"line": 56, "column": 11}
          },
          {
            "start": {"line": 54, "column": 10},
            "end": {"line": 56, "column": 11}
          }
        ],
        "line": 54
      },
      "7": {
        "loc": {
          "start": {"line": 54, "column": 14},
          "end": {"line": 54, "column": 49}
        },
        "type": "binary-expr",
        "locations": [
          {
            "start": {"line": 54, "column": 14},
            "end": {"line": 54, "column": 36}
          },
          {
            "start": {"line": 54, "column": 40},
            "end": {"line": 54, "column": 49}
          }
        ],
        "line": 54
      }
    },
    "s": {
      "0": 0,
      "1": 0,
      "2": 0,
      "3": 0,
      "4": 0,
      "5": 0,
      "6": 0,
      "7": 0,
      "8": 0,
      "9": 0,
      "10": 0,
      "11": 0,
      "12": 0,
      "13": 0
    },
    "f": {"0": 0, "1": 0, "2": 0},
    "b": {
      "0": [0],
      "1": [0, 0],
      "2": [0, 0],
      "3": [0, 0],
      "4": [0, 0],
      "5": [0, 0],
      "6": [0, 0],
      "7": [0, 0]
    }
  },
  "/home/xiaofan/dev/nidalee/src/Dialog/DialogContent.tsx": {
    "path": "/home/xiaofan/dev/nidalee/src/Dialog/DialogContent.tsx",
    "statementMap": {
      "0": {
        "start": {"line": 11, "column": 29},
        "end": {"line": 54, "column": 1}
      },
      "1": {
        "start": {"line": 12, "column": 40},
        "end": {"line": 12, "column": 45}
      },
      "2": {
        "start": {"line": 13, "column": 21},
        "end": {"line": 13, "column": 62}
      },
      "3": {
        "start": {"line": 17, "column": 2},
        "end": {"line": 17, "column": 20}
      },
      "4": {
        "start": {"line": 18, "column": 2},
        "end": {"line": 22, "column": 19}
      },
      "5": {
        "start": {"line": 19, "column": 4},
        "end": {"line": 21, "column": 5}
      },
      "6": {
        "start": {"line": 20, "column": 6},
        "end": {"line": 20, "column": 33}
      },
      "7": {
        "start": {"line": 23, "column": 2},
        "end": {"line": 23, "column": 27}
      },
      "8": {
        "start": {"line": 25, "column": 2},
        "end": {"line": 53, "column": 4}
      },
      "9": {
        "start": {"line": 35, "column": 8},
        "end": {"line": 35, "column": 32}
      },
      "10": {
        "start": {"line": 36, "column": 8},
        "end": {"line": 38, "column": 9}
      },
      "11": {
        "start": {"line": 37, "column": 10},
        "end": {"line": 37, "column": 25}
      },
      "12": {
        "start": {"line": 41, "column": 8},
        "end": {"line": 43, "column": 9}
      },
      "13": {
        "start": {"line": 42, "column": 10},
        "end": {"line": 42, "column": 27}
      },
      "14": {
        "start": {"line": 44, "column": 8},
        "end": {"line": 50, "column": 9}
      },
      "15": {
        "start": {"line": 45, "column": 10},
        "end": {"line": 49, "column": 12}
      }
    },
    "fnMap": {
      "0": {
        "name": "(anonymous_0)",
        "decl": {
          "start": {"line": 11, "column": 29},
          "end": {"line": 11, "column": 30}
        },
        "loc": {
          "start": {"line": 11, "column": 60},
          "end": {"line": 54, "column": 1}
        },
        "line": 11
      },
      "1": {
        "name": "(anonymous_1)",
        "decl": {
          "start": {"line": 18, "column": 24},
          "end": {"line": 18, "column": 25}
        },
        "loc": {
          "start": {"line": 18, "column": 30},
          "end": {"line": 22, "column": 3}
        },
        "line": 18
      },
      "2": {
        "name": "(anonymous_2)",
        "decl": {
          "start": {"line": 34, "column": 15},
          "end": {"line": 34, "column": 16}
        },
        "loc": {
          "start": {"line": 34, "column": 26},
          "end": {"line": 39, "column": 7}
        },
        "line": 34
      },
      "3": {
        "name": "(anonymous_3)",
        "decl": {
          "start": {"line": 40, "column": 17},
          "end": {"line": 40, "column": 18}
        },
        "loc": {
          "start": {"line": 40, "column": 28},
          "end": {"line": 51, "column": 7}
        },
        "line": 40
      }
    },
    "branchMap": {
      "0": {
        "loc": {
          "start": {"line": 19, "column": 4},
          "end": {"line": 21, "column": 5}
        },
        "type": "if",
        "locations": [
          {
            "start": {"line": 19, "column": 4},
            "end": {"line": 21, "column": 5}
          },
          {"start": {"line": 19, "column": 4}, "end": {"line": 21, "column": 5}}
        ],
        "line": 19
      },
      "1": {
        "loc": {
          "start": {"line": 36, "column": 8},
          "end": {"line": 38, "column": 9}
        },
        "type": "if",
        "locations": [
          {
            "start": {"line": 36, "column": 8},
            "end": {"line": 38, "column": 9}
          },
          {"start": {"line": 36, "column": 8}, "end": {"line": 38, "column": 9}}
        ],
        "line": 36
      },
      "2": {
        "loc": {
          "start": {"line": 41, "column": 8},
          "end": {"line": 43, "column": 9}
        },
        "type": "if",
        "locations": [
          {
            "start": {"line": 41, "column": 8},
            "end": {"line": 43, "column": 9}
          },
          {"start": {"line": 41, "column": 8}, "end": {"line": 43, "column": 9}}
        ],
        "line": 41
      },
      "3": {
        "loc": {
          "start": {"line": 44, "column": 8},
          "end": {"line": 50, "column": 9}
        },
        "type": "if",
        "locations": [
          {
            "start": {"line": 44, "column": 8},
            "end": {"line": 50, "column": 9}
          },
          {"start": {"line": 44, "column": 8}, "end": {"line": 50, "column": 9}}
        ],
        "line": 44
      },
      "4": {
        "loc": {
          "start": {"line": 46, "column": 12},
          "end": {"line": 46, "column": 66}
        },
        "type": "binary-expr",
        "locations": [
          {
            "start": {"line": 46, "column": 12},
            "end": {"line": 46, "column": 34}
          },
          {
            "start": {"line": 46, "column": 38},
            "end": {"line": 46, "column": 66}
          }
        ],
        "line": 46
      }
    },
    "s": {
      "0": 0,
      "1": 0,
      "2": 0,
      "3": 0,
      "4": 0,
      "5": 0,
      "6": 0,
      "7": 0,
      "8": 0,
      "9": 0,
      "10": 0,
      "11": 0,
      "12": 0,
      "13": 0,
      "14": 0,
      "15": 0
    },
    "f": {"0": 0, "1": 0, "2": 0, "3": 0},
    "b": {"0": [0, 0], "1": [0, 0], "2": [0, 0], "3": [0, 0], "4": [0, 0]}
  },
  "/home/xiaofan/dev/nidalee/src/Dialog/index.ts": {
    "path": "/home/xiaofan/dev/nidalee/src/Dialog/index.ts",
    "statementMap": {},
    "fnMap": {},
    "branchMap": {},
    "s": {},
    "f": {},
    "b": {}
  },
  "/home/xiaofan/dev/nidalee/src/Disclosure/Disclosure.tsx": {
    "path": "/home/xiaofan/dev/nidalee/src/Disclosure/Disclosure.tsx",
    "statementMap": {
      "0": {
        "start": {"line": 13, "column": 26},
        "end": {"line": 38, "column": 1}
      },
      "1": {
        "start": {"line": 14, "column": 59},
        "end": {"line": 14, "column": 64}
      },
      "2": {
        "start": {"line": 15, "column": 32},
        "end": {"line": 15, "column": 53}
      },
      "3": {
        "start": {"line": 17, "column": 2},
        "end": {"line": 37, "column": 4}
      },
      "4": {
        "start": {"line": 26, "column": 10},
        "end": {"line": 28, "column": 11}
      },
      "5": {
        "start": {"line": 27, "column": 12},
        "end": {"line": 27, "column": 27}
      },
      "6": {
        "start": {"line": 29, "column": 10},
        "end": {"line": 29, "column": 38}
      },
      "7": {
        "start": {"line": 29, "column": 31},
        "end": {"line": 29, "column": 36}
      }
    },
    "fnMap": {
      "0": {
        "name": "(anonymous_0)",
        "decl": {
          "start": {"line": 13, "column": 26},
          "end": {"line": 13, "column": 27}
        },
        "loc": {
          "start": {"line": 13, "column": 54},
          "end": {"line": 38, "column": 1}
        },
        "line": 13
      },
      "1": {
        "name": "(anonymous_1)",
        "decl": {
          "start": {"line": 25, "column": 17},
          "end": {"line": 25, "column": 18}
        },
        "loc": {
          "start": {"line": 25, "column": 28},
          "end": {"line": 30, "column": 9}
        },
        "line": 25
      },
      "2": {
        "name": "(anonymous_2)",
        "decl": {
          "start": {"line": 29, "column": 21},
          "end": {"line": 29, "column": 22}
        },
        "loc": {
          "start": {"line": 29, "column": 31},
          "end": {"line": 29, "column": 36}
        },
        "line": 29
      }
    },
    "branchMap": {
      "0": {
        "loc": {
          "start": {"line": 24, "column": 23},
          "end": {"line": 24, "column": 49}
        },
        "type": "cond-expr",
        "locations": [
          {
            "start": {"line": 24, "column": 33},
            "end": {"line": 24, "column": 39}
          },
          {
            "start": {"line": 24, "column": 42},
            "end": {"line": 24, "column": 49}
          }
        ],
        "line": 24
      },
      "1": {
        "loc": {
          "start": {"line": 26, "column": 10},
          "end": {"line": 28, "column": 11}
        },
        "type": "if",
        "locations": [
          {
            "start": {"line": 26, "column": 10},
            "end": {"line": 28, "column": 11}
          },
          {
            "start": {"line": 26, "column": 10},
            "end": {"line": 28, "column": 11}
          }
        ],
        "line": 26
      },
      "2": {
        "loc": {
          "start": {"line": 35, "column": 7},
          "end": {"line": 35, "column": 31}
        },
        "type": "cond-expr",
        "locations": [
          {
            "start": {"line": 35, "column": 17},
            "end": {"line": 35, "column": 24}
          },
          {
            "start": {"line": 35, "column": 27},
            "end": {"line": 35, "column": 31}
          }
        ],
        "line": 35
      }
    },
    "s": {"0": 1, "1": 14, "2": 14, "3": 14, "4": 7, "5": 1, "6": 7, "7": 7},
    "f": {"0": 14, "1": 7, "2": 7},
    "b": {"0": [4, 10], "1": [1, 6], "2": [4, 10]},
    "_coverageSchema": "1a1c01bbd47fc00a2c39e90264f33305004495a9",
    "hash": "1ed1e37938bddd79e420872d37ba45b4403bfffe"
  },
  "/home/xiaofan/dev/nidalee/src/Disclosure/index.ts": {
    "path": "/home/xiaofan/dev/nidalee/src/Disclosure/index.ts",
    "statementMap": {},
    "fnMap": {},
    "branchMap": {},
    "s": {},
    "f": {},
    "b": {}
  },
  "/home/xiaofan/dev/nidalee/src/Editable/Editable.tsx": {
    "path": "/home/xiaofan/dev/nidalee/src/Editable/Editable.tsx",
    "statementMap": {
      "0": {
        "start": {"line": 22, "column": 24},
        "end": {"line": 129, "column": 1}
      },
      "1": {
        "start": {"line": 36, "column": 8},
        "end": {"line": 36, "column": 13}
      },
      "2": {
        "start": {"line": 38, "column": 4},
        "end": {"line": 44, "column": 5}
      },
      "3": {
        "start": {"line": 39, "column": 6},
        "end": {"line": 43, "column": 8}
      },
      "4": {
        "start": {"line": 46, "column": 24},
        "end": {"line": 46, "column": 65}
      },
      "5": {
        "start": {"line": 47, "column": 24},
        "end": {"line": 47, "column": 56}
      },
      "6": {
        "start": {"line": 48, "column": 38},
        "end": {"line": 48, "column": 59}
      },
      "7": {
        "start": {"line": 50, "column": 4},
        "end": {"line": 55, "column": 50}
      },
      "8": {
        "start": {"line": 51, "column": 6},
        "end": {"line": 51, "column": 66}
      },
      "9": {
        "start": {"line": 52, "column": 6},
        "end": {"line": 54, "column": 7}
      },
      "10": {
        "start": {"line": 53, "column": 8},
        "end": {"line": 53, "column": 42}
      },
      "11": {
        "start": {"line": 57, "column": 25},
        "end": {"line": 80, "column": 5}
      },
      "12": {
        "start": {"line": 58, "column": 6},
        "end": {"line": 79, "column": 7}
      },
      "13": {
        "start": {"line": 60, "column": 10},
        "end": {"line": 64, "column": 11}
      },
      "14": {
        "start": {"line": 61, "column": 33},
        "end": {"line": 61, "column": 64}
      },
      "15": {
        "start": {"line": 62, "column": 12},
        "end": {"line": 62, "column": 33}
      },
      "16": {
        "start": {"line": 63, "column": 12},
        "end": {"line": 63, "column": 32}
      },
      "17": {
        "start": {"line": 65, "column": 10},
        "end": {"line": 65, "column": 16}
      },
      "18": {
        "start": {"line": 68, "column": 10},
        "end": {"line": 74, "column": 11}
      },
      "19": {
        "start": {"line": 69, "column": 12},
        "end": {"line": 71, "column": 13}
      },
      "20": {
        "start": {"line": 70, "column": 14},
        "end": {"line": 70, "column": 25}
      },
      "21": {
        "start": {"line": 73, "column": 12},
        "end": {"line": 73, "column": 32}
      },
      "22": {
        "start": {"line": 75, "column": 10},
        "end": {"line": 75, "column": 16}
      },
      "23": {
        "start": {"line": 78, "column": 10},
        "end": {"line": 78, "column": 16}
      },
      "24": {
        "start": {"line": 82, "column": 4},
        "end": {"line": 127, "column": 6}
      },
      "25": {
        "start": {"line": 93, "column": 10},
        "end": {"line": 95, "column": 11}
      },
      "26": {
        "start": {"line": 94, "column": 12},
        "end": {"line": 94, "column": 33}
      },
      "27": {
        "start": {"line": 97, "column": 10},
        "end": {"line": 97, "column": 29}
      },
      "28": {
        "start": {"line": 100, "column": 10},
        "end": {"line": 102, "column": 11}
      },
      "29": {
        "start": {"line": 101, "column": 12},
        "end": {"line": 101, "column": 29}
      },
      "30": {
        "start": {"line": 104, "column": 10},
        "end": {"line": 117, "column": 11}
      },
      "31": {
        "start": {"line": 106, "column": 14},
        "end": {"line": 109, "column": 15}
      },
      "32": {
        "start": {"line": 108, "column": 16},
        "end": {"line": 108, "column": 39}
      },
      "33": {
        "start": {"line": 110, "column": 14},
        "end": {"line": 110, "column": 33}
      },
      "34": {
        "start": {"line": 111, "column": 14},
        "end": {"line": 111, "column": 20}
      },
      "35": {
        "start": {"line": 113, "column": 14},
        "end": {"line": 113, "column": 38}
      },
      "36": {
        "start": {"line": 114, "column": 14},
        "end": {"line": 114, "column": 20}
      },
      "37": {
        "start": {"line": 116, "column": 14},
        "end": {"line": 116, "column": 20}
      },
      "38": {
        "start": {"line": 120, "column": 10},
        "end": {"line": 122, "column": 11}
      },
      "39": {
        "start": {"line": 121, "column": 12},
        "end": {"line": 121, "column": 26}
      },
      "40": {
        "start": {"line": 124, "column": 10},
        "end": {"line": 124, "column": 35}
      }
    },
    "fnMap": {
      "0": {
        "name": "Editable",
        "decl": {
          "start": {"line": 23, "column": 11},
          "end": {"line": 23, "column": 19}
        },
        "loc": {
          "start": {"line": 23, "column": 32},
          "end": {"line": 128, "column": 3}
        },
        "line": 23
      },
      "1": {
        "name": "(anonymous_1)",
        "decl": {
          "start": {"line": 50, "column": 20},
          "end": {"line": 50, "column": 21}
        },
        "loc": {
          "start": {"line": 50, "column": 26},
          "end": {"line": 55, "column": 5}
        },
        "line": 50
      },
      "2": {
        "name": "(anonymous_2)",
        "decl": {
          "start": {"line": 57, "column": 25},
          "end": {"line": 57, "column": 26}
        },
        "loc": {
          "start": {"line": 57, "column": 53},
          "end": {"line": 80, "column": 5}
        },
        "line": 57
      },
      "3": {
        "name": "(anonymous_3)",
        "decl": {
          "start": {"line": 92, "column": 23},
          "end": {"line": 92, "column": 24}
        },
        "loc": {
          "start": {"line": 92, "column": 34},
          "end": {"line": 98, "column": 9}
        },
        "line": 92
      },
      "4": {
        "name": "(anonymous_4)",
        "decl": {
          "start": {"line": 99, "column": 19},
          "end": {"line": 99, "column": 20}
        },
        "loc": {
          "start": {"line": 99, "column": 30},
          "end": {"line": 118, "column": 9}
        },
        "line": 99
      },
      "5": {
        "name": "(anonymous_5)",
        "decl": {
          "start": {"line": 119, "column": 16},
          "end": {"line": 119, "column": 17}
        },
        "loc": {
          "start": {"line": 119, "column": 27},
          "end": {"line": 125, "column": 9}
        },
        "line": 119
      }
    },
    "branchMap": {
      "0": {
        "loc": {
          "start": {"line": 26, "column": 6},
          "end": {"line": 26, "column": 22}
        },
        "type": "default-arg",
        "locations": [
          {
            "start": {"line": 26, "column": 20},
            "end": {"line": 26, "column": 22}
          }
        ],
        "line": 26
      },
      "1": {
        "loc": {
          "start": {"line": 29, "column": 6},
          "end": {"line": 29, "column": 22}
        },
        "type": "default-arg",
        "locations": [
          {
            "start": {"line": 29, "column": 17},
            "end": {"line": 29, "column": 22}
          }
        ],
        "line": 29
      },
      "2": {
        "loc": {
          "start": {"line": 30, "column": 6},
          "end": {"line": 30, "column": 26}
        },
        "type": "default-arg",
        "locations": [
          {
            "start": {"line": 30, "column": 18},
            "end": {"line": 30, "column": 26}
          }
        ],
        "line": 30
      },
      "3": {
        "loc": {
          "start": {"line": 31, "column": 6},
          "end": {"line": 31, "column": 25}
        },
        "type": "default-arg",
        "locations": [
          {
            "start": {"line": 31, "column": 19},
            "end": {"line": 31, "column": 25}
          }
        ],
        "line": 31
      },
      "4": {
        "loc": {
          "start": {"line": 38, "column": 4},
          "end": {"line": 44, "column": 5}
        },
        "type": "if",
        "locations": [
          {
            "start": {"line": 38, "column": 4},
            "end": {"line": 44, "column": 5}
          },
          {"start": {"line": 38, "column": 4}, "end": {"line": 44, "column": 5}}
        ],
        "line": 38
      },
      "5": {
        "loc": {
          "start": {"line": 40, "column": 8},
          "end": {"line": 40, "column": 57}
        },
        "type": "binary-expr",
        "locations": [
          {
            "start": {"line": 40, "column": 8},
            "end": {"line": 40, "column": 30}
          },
          {
            "start": {"line": 40, "column": 34},
            "end": {"line": 40, "column": 57}
          }
        ],
        "line": 40
      },
      "6": {
        "loc": {
          "start": {"line": 51, "column": 33},
          "end": {"line": 51, "column": 64}
        },
        "type": "cond-expr",
        "locations": [
          {
            "start": {"line": 51, "column": 44},
            "end": {"line": 51, "column": 56}
          },
          {
            "start": {"line": 51, "column": 59},
            "end": {"line": 51, "column": 64}
          }
        ],
        "line": 51
      },
      "7": {
        "loc": {
          "start": {"line": 52, "column": 6},
          "end": {"line": 54, "column": 7}
        },
        "type": "if",
        "locations": [
          {
            "start": {"line": 52, "column": 6},
            "end": {"line": 54, "column": 7}
          },
          {"start": {"line": 52, "column": 6}, "end": {"line": 54, "column": 7}}
        ],
        "line": 52
      },
      "8": {
        "loc": {
          "start": {"line": 58, "column": 6},
          "end": {"line": 79, "column": 7}
        },
        "type": "switch",
        "locations": [
          {
            "start": {"line": 59, "column": 8},
            "end": {"line": 66, "column": 9}
          },
          {
            "start": {"line": 67, "column": 8},
            "end": {"line": 76, "column": 9}
          },
          {
            "start": {"line": 77, "column": 8},
            "end": {"line": 78, "column": 16}
          }
        ],
        "line": 58
      },
      "9": {
        "loc": {
          "start": {"line": 60, "column": 10},
          "end": {"line": 64, "column": 11}
        },
        "type": "if",
        "locations": [
          {
            "start": {"line": 60, "column": 10},
            "end": {"line": 64, "column": 11}
          },
          {
            "start": {"line": 60, "column": 10},
            "end": {"line": 64, "column": 11}
          }
        ],
        "line": 60
      },
      "10": {
        "loc": {
          "start": {"line": 68, "column": 10},
          "end": {"line": 74, "column": 11}
        },
        "type": "if",
        "locations": [
          {
            "start": {"line": 68, "column": 10},
            "end": {"line": 74, "column": 11}
          },
          {
            "start": {"line": 68, "column": 10},
            "end": {"line": 74, "column": 11}
          }
        ],
        "line": 68
      },
      "11": {
        "loc": {
          "start": {"line": 69, "column": 12},
          "end": {"line": 71, "column": 13}
        },
        "type": "if",
        "locations": [
          {
            "start": {"line": 69, "column": 12},
            "end": {"line": 71, "column": 13}
          },
          {
            "start": {"line": 69, "column": 12},
            "end": {"line": 71, "column": 13}
          }
        ],
        "line": 69
      },
      "12": {
        "loc": {
          "start": {"line": 87, "column": 22},
          "end": {"line": 87, "column": 48}
        },
        "type": "cond-expr",
        "locations": [
          {
            "start": {"line": 87, "column": 34},
            "end": {"line": 87, "column": 36}
          },
          {
            "start": {"line": 87, "column": 39},
            "end": {"line": 87, "column": 48}
          }
        ],
        "line": 87
      },
      "13": {
        "loc": {
          "start": {"line": 93, "column": 10},
          "end": {"line": 95, "column": 11}
        },
        "type": "if",
        "locations": [
          {
            "start": {"line": 93, "column": 10},
            "end": {"line": 95, "column": 11}
          },
          {
            "start": {"line": 93, "column": 10},
            "end": {"line": 95, "column": 11}
          }
        ],
        "line": 93
      },
      "14": {
        "loc": {
          "start": {"line": 100, "column": 10},
          "end": {"line": 102, "column": 11}
        },
        "type": "if",
        "locations": [
          {
            "start": {"line": 100, "column": 10},
            "end": {"line": 102, "column": 11}
          },
          {
            "start": {"line": 100, "column": 10},
            "end": {"line": 102, "column": 11}
          }
        ],
        "line": 100
      },
      "15": {
        "loc": {
          "start": {"line": 104, "column": 10},
          "end": {"line": 117, "column": 11}
        },
        "type": "switch",
        "locations": [
          {
            "start": {"line": 105, "column": 12},
            "end": {"line": 111, "column": 20}
          },
          {
            "start": {"line": 112, "column": 12},
            "end": {"line": 114, "column": 20}
          },
          {
            "start": {"line": 115, "column": 12},
            "end": {"line": 116, "column": 20}
          }
        ],
        "line": 104
      },
      "16": {
        "loc": {
          "start": {"line": 106, "column": 14},
          "end": {"line": 109, "column": 15}
        },
        "type": "if",
        "locations": [
          {
            "start": {"line": 106, "column": 14},
            "end": {"line": 109, "column": 15}
          },
          {
            "start": {"line": 106, "column": 14},
            "end": {"line": 109, "column": 15}
          }
        ],
        "line": 106
      },
      "17": {
        "loc": {
          "start": {"line": 120, "column": 10},
          "end": {"line": 122, "column": 11}
        },
        "type": "if",
        "locations": [
          {
            "start": {"line": 120, "column": 10},
            "end": {"line": 122, "column": 11}
          },
          {
            "start": {"line": 120, "column": 10},
            "end": {"line": 122, "column": 11}
          }
        ],
        "line": 120
      }
    },
    "s": {
      "0": 0,
      "1": 0,
      "2": 0,
      "3": 0,
      "4": 0,
      "5": 0,
      "6": 0,
      "7": 0,
      "8": 0,
      "9": 0,
      "10": 0,
      "11": 0,
      "12": 0,
      "13": 0,
      "14": 0,
      "15": 0,
      "16": 0,
      "17": 0,
      "18": 0,
      "19": 0,
      "20": 0,
      "21": 0,
      "22": 0,
      "23": 0,
      "24": 0,
      "25": 0,
      "26": 0,
      "27": 0,
      "28": 0,
      "29": 0,
      "30": 0,
      "31": 0,
      "32": 0,
      "33": 0,
      "34": 0,
      "35": 0,
      "36": 0,
      "37": 0,
      "38": 0,
      "39": 0,
      "40": 0
    },
    "f": {"0": 0, "1": 0, "2": 0, "3": 0, "4": 0, "5": 0},
    "b": {
      "0": [0],
      "1": [0],
      "2": [0],
      "3": [0],
      "4": [0, 0],
      "5": [0, 0],
      "6": [0, 0],
      "7": [0, 0],
      "8": [0, 0, 0],
      "9": [0, 0],
      "10": [0, 0],
      "11": [0, 0],
      "12": [0, 0],
      "13": [0, 0],
      "14": [0, 0],
      "15": [0, 0, 0],
      "16": [0, 0],
      "17": [0, 0]
    }
  },
  "/home/xiaofan/dev/nidalee/src/Editable/helpers.tsx": {
    "path": "/home/xiaofan/dev/nidalee/src/Editable/helpers.tsx",
    "statementMap": {
      "0": {
        "start": {"line": 3, "column": 24},
        "end": {"line": 9, "column": 1}
      },
      "1": {
        "start": {"line": 7, "column": 15},
        "end": {"line": 7, "column": 43}
      },
      "2": {
        "start": {"line": 8, "column": 2},
        "end": {"line": 8, "column": 39}
      },
      "3": {
        "start": {"line": 11, "column": 36},
        "end": {"line": 20, "column": 1}
      },
      "4": {
        "start": {"line": 12, "column": 16},
        "end": {"line": 12, "column": 38}
      },
      "5": {
        "start": {"line": 13, "column": 2},
        "end": {"line": 13, "column": 41}
      },
      "6": {
        "start": {"line": 14, "column": 2},
        "end": {"line": 14, "column": 24}
      },
      "7": {
        "start": {"line": 15, "column": 14},
        "end": {"line": 15, "column": 35}
      },
      "8": {
        "start": {"line": 16, "column": 2},
        "end": {"line": 19, "column": 3}
      },
      "9": {
        "start": {"line": 17, "column": 4},
        "end": {"line": 17, "column": 26}
      },
      "10": {
        "start": {"line": 18, "column": 4},
        "end": {"line": 18, "column": 24}
      },
      "11": {
        "start": {"line": 22, "column": 29},
        "end": {"line": 32, "column": 1}
      },
      "12": {
        "start": {"line": 26, "column": 15},
        "end": {"line": 30, "column": 13}
      },
      "13": {
        "start": {"line": 28, "column": 19},
        "end": {"line": 28, "column": 35}
      },
      "14": {
        "start": {"line": 29, "column": 19},
        "end": {"line": 29, "column": 39}
      },
      "15": {
        "start": {"line": 31, "column": 2},
        "end": {"line": 31, "column": 32}
      }
    },
    "fnMap": {
      "0": {
        "name": "(anonymous_0)",
        "decl": {
          "start": {"line": 3, "column": 24},
          "end": {"line": 3, "column": 25}
        },
        "loc": {
          "start": {"line": 6, "column": 5},
          "end": {"line": 9, "column": 1}
        },
        "line": 6
      },
      "1": {
        "name": "(anonymous_1)",
        "decl": {
          "start": {"line": 11, "column": 36},
          "end": {"line": 11, "column": 37}
        },
        "loc": {
          "start": {"line": 11, "column": 78},
          "end": {"line": 20, "column": 1}
        },
        "line": 11
      },
      "2": {
        "name": "(anonymous_2)",
        "decl": {
          "start": {"line": 22, "column": 29},
          "end": {"line": 22, "column": 30}
        },
        "loc": {
          "start": {"line": 25, "column": 5},
          "end": {"line": 32, "column": 1}
        },
        "line": 25
      },
      "3": {
        "name": "(anonymous_3)",
        "decl": {
          "start": {"line": 28, "column": 9},
          "end": {"line": 28, "column": 10}
        },
        "loc": {
          "start": {"line": 28, "column": 19},
          "end": {"line": 28, "column": 35}
        },
        "line": 28
      },
      "4": {
        "name": "(anonymous_4)",
        "decl": {
          "start": {"line": 29, "column": 9},
          "end": {"line": 29, "column": 10}
        },
        "loc": {
          "start": {"line": 29, "column": 19},
          "end": {"line": 29, "column": 39}
        },
        "line": 29
      }
    },
    "branchMap": {
      "0": {
        "loc": {
          "start": {"line": 7, "column": 15},
          "end": {"line": 7, "column": 43}
        },
        "type": "binary-expr",
        "locations": [
          {
            "start": {"line": 7, "column": 15},
            "end": {"line": 7, "column": 37}
          },
          {"start": {"line": 7, "column": 41}, "end": {"line": 7, "column": 43}}
        ],
        "line": 7
      },
      "1": {
        "loc": {
          "start": {"line": 8, "column": 9},
          "end": {"line": 8, "column": 38}
        },
        "type": "cond-expr",
        "locations": [
          {
            "start": {"line": 8, "column": 20},
            "end": {"line": 8, "column": 31}
          },
          {"start": {"line": 8, "column": 34}, "end": {"line": 8, "column": 38}}
        ],
        "line": 8
      },
      "2": {
        "loc": {
          "start": {"line": 16, "column": 2},
          "end": {"line": 19, "column": 3}
        },
        "type": "if",
        "locations": [
          {
            "start": {"line": 16, "column": 2},
            "end": {"line": 19, "column": 3}
          },
          {"start": {"line": 16, "column": 2}, "end": {"line": 19, "column": 3}}
        ],
        "line": 16
      },
      "3": {
        "loc": {
          "start": {"line": 28, "column": 19},
          "end": {"line": 28, "column": 35}
        },
        "type": "binary-expr",
        "locations": [
          {
            "start": {"line": 28, "column": 19},
            "end": {"line": 28, "column": 23}
          },
          {
            "start": {"line": 28, "column": 27},
            "end": {"line": 28, "column": 35}
          }
        ],
        "line": 28
      }
    },
    "s": {
      "0": 0,
      "1": 0,
      "2": 0,
      "3": 0,
      "4": 0,
      "5": 0,
      "6": 0,
      "7": 0,
      "8": 0,
      "9": 0,
      "10": 0,
      "11": 0,
      "12": 0,
      "13": 0,
      "14": 0,
      "15": 0
    },
    "f": {"0": 0, "1": 0, "2": 0, "3": 0, "4": 0},
    "b": {"0": [0, 0], "1": [0, 0], "2": [0, 0], "3": [0, 0]}
  },
  "/home/xiaofan/dev/nidalee/src/Portal/Portal.tsx": {
    "path": "/home/xiaofan/dev/nidalee/src/Portal/Portal.tsx",
    "statementMap": {
      "0": {
        "start": {"line": 9, "column": 22},
        "end": {"line": 28, "column": 1}
      },
      "1": {
        "start": {"line": 10, "column": 28},
        "end": {"line": 10, "column": 46}
      },
      "2": {
        "start": {"line": 12, "column": 24},
        "end": {"line": 14, "column": 27}
      },
      "3": {
        "start": {"line": 13, "column": 4},
        "end": {"line": 13, "column": 63}
      },
      "4": {
        "start": {"line": 16, "column": 2},
        "end": {"line": 25, "column": 36}
      },
      "5": {
        "start": {"line": 22, "column": 4},
        "end": {"line": 24, "column": 5}
      },
      "6": {
        "start": {"line": 23, "column": 6},
        "end": {"line": 23, "column": 19}
      },
      "7": {
        "start": {"line": 27, "column": 2},
        "end": {"line": 27, "column": 79}
      }
    },
    "fnMap": {
      "0": {
        "name": "(anonymous_0)",
        "decl": {
          "start": {"line": 9, "column": 22},
          "end": {"line": 9, "column": 23}
        },
        "loc": {
          "start": {"line": 9, "column": 65},
          "end": {"line": 28, "column": 1}
        },
        "line": 9
      },
      "1": {
        "name": "(anonymous_1)",
        "decl": {
          "start": {"line": 12, "column": 38},
          "end": {"line": 12, "column": 39}
        },
        "loc": {
          "start": {"line": 12, "column": 44},
          "end": {"line": 14, "column": 3}
        },
        "line": 12
      },
      "2": {
        "name": "(anonymous_2)",
        "decl": {
          "start": {"line": 16, "column": 18},
          "end": {"line": 16, "column": 19}
        },
        "loc": {
          "start": {"line": 16, "column": 24},
          "end": {"line": 25, "column": 3}
        },
        "line": 16
      }
    },
    "branchMap": {
      "0": {
        "loc": {
          "start": {"line": 13, "column": 11},
          "end": {"line": 13, "column": 62}
        },
        "type": "cond-expr",
        "locations": [
          {
            "start": {"line": 13, "column": 26},
            "end": {"line": 13, "column": 46}
          },
          {
            "start": {"line": 13, "column": 49},
            "end": {"line": 13, "column": 62}
          }
        ],
        "line": 13
      },
      "1": {
        "loc": {
          "start": {"line": 22, "column": 4},
          "end": {"line": 24, "column": 5}
        },
        "type": "if",
        "locations": [
          {
            "start": {"line": 22, "column": 4},
            "end": {"line": 24, "column": 5}
          },
          {"start": {"line": 22, "column": 4}, "end": {"line": 24, "column": 5}}
        ],
        "line": 22
      },
      "2": {
        "loc": {
          "start": {"line": 22, "column": 8},
          "end": {"line": 22, "column": 62}
        },
        "type": "binary-expr",
        "locations": [
          {
            "start": {"line": 22, "column": 8},
            "end": {"line": 22, "column": 20}
          },
          {
            "start": {"line": 22, "column": 24},
            "end": {"line": 22, "column": 62}
          }
        ],
        "line": 22
      },
      "3": {
        "loc": {
          "start": {"line": 27, "column": 9},
          "end": {"line": 27, "column": 78}
        },
        "type": "cond-expr",
        "locations": [
          {
            "start": {"line": 27, "column": 25},
            "end": {"line": 27, "column": 71}
          },
          {
            "start": {"line": 27, "column": 74},
            "end": {"line": 27, "column": 78}
          }
        ],
        "line": 27
      }
    },
    "s": {"0": 0, "1": 0, "2": 0, "3": 0, "4": 0, "5": 0, "6": 0, "7": 0},
    "f": {"0": 0, "1": 0, "2": 0},
    "b": {"0": [0, 0], "1": [0, 0], "2": [0, 0], "3": [0, 0]}
  },
  "/home/xiaofan/dev/nidalee/src/Portal/index.ts": {
    "path": "/home/xiaofan/dev/nidalee/src/Portal/index.ts",
    "statementMap": {},
    "fnMap": {},
    "branchMap": {},
    "s": {},
    "f": {},
    "b": {}
  }
}
